<?xml version="1.0" encoding="UTF-8"?>
<!-- Generated by org.testng.reporters.JUnitXMLReporter -->
<testsuite ignored="1" hostname="DESKTOP-T6DRP6P" failures="1" tests="1" name="Default test(failed)" time="0.177" errors="0" timestamp="2023-10-04T07:50:45 IST">
  <testcase classname="Guruschools13_maven.Guruschools13_maven.AsertDemo2" name="validateNo" time="0.041">
    <failure type="java.lang.AssertionError" message="expected [true] but found [false]">
      <![CDATA[java.lang.AssertionError: expected [true] but found [false]
at Guruschools13_maven.Guruschools13_maven.AsertDemo2.validateNo(AsertDemo2.java:11)
at java.base/java.util.ArrayList.forEach(ArrayList.java:1511)
... Removed 31 stack frames]]>
    </failure>
  </testcase> <!-- validateNo -->
  <testcase classname="Guruschools13_maven.Guruschools13_maven.AsertDemo2" name="validateNo2" time="0.0">
    <ignored/>
  </testcase> <!-- validateNo2 -->
</testsuite> <!-- Default test(failed) -->
